<testsuites id="" name="" tests="10" failures="0" skipped="0" errors="0" time="13.509411">
<testsuite name="addTruckAssertions.spec.js" timestamp="2026-03-14T07:33:57.329Z" hostname="chromium" tests="5" failures="0" skipped="0" time="11.367" errors="0">
<testcase name="Truck Management Tests › Truck Dashboard loads correctly" classname="addTruckAssertions.spec.js" time="1.977">
<system-out>
<![CDATA[Opening application...
Test finished
]]>
</system-out>
</testcase>
<testcase name="Truck Management Tests › Add Truck page loads" classname="addTruckAssertions.spec.js" time="3.995">
<system-out>
<![CDATA[Opening application...
Test finished
]]>
</system-out>
</testcase>
<testcase name="Truck Management Tests › Truck ID validation works" classname="addTruckAssertions.spec.js" time="2.174">
<system-out>
<![CDATA[Opening application...
Test finished
]]>
</system-out>
</testcase>
<testcase name="Truck Management Tests › Capacity validation works" classname="addTruckAssertions.spec.js" time="1.589">
<system-out>
<![CDATA[Opening application...
Test finished
]]>
</system-out>
</testcase>
<testcase name="Truck Management Tests › Add truck form submission" classname="addTruckAssertions.spec.js" time="1.632">
<system-out>
<![CDATA[Opening application...
Test finished
]]>
</system-out>
</testcase>
</testsuite>
<testsuite name="truckManagement.bdd.spec.js" timestamp="2026-03-14T07:33:57.329Z" hostname="chromium" tests="5" failures="0" skipped="0" time="9.835" errors="0">
<testcase name="Truck Management (BDD) › Dashboard is visible (@smoke)" classname="truckManagement.bdd.spec.js" time="1.388">
</testcase>
<testcase name="Truck Management (BDD) › User loads the Add Truck form (@regression)" classname="truckManagement.bdd.spec.js" time="2.091">
</testcase>
<testcase name="Truck Management (BDD) › Truck ID validation message appears for bad ID (@validation)" classname="truckManagement.bdd.spec.js" time="2.107">
</testcase>
<testcase name="Truck Management (BDD) › Capacity validation message for out-of-range value (@validation)" classname="truckManagement.bdd.spec.js" time="2.285">
</testcase>
<testcase name="Truck Management (BDD) › Successfully adds a truck (@happy-path)" classname="truckManagement.bdd.spec.js" time="1.964">
</testcase>
</testsuite>
</testsuites>